<?xml version="1.0" encoding="UTF-8"?>
<testng-results skipped="0" failed="1" ignored="0" retried="3" total="6" passed="2">
  <reporter-output>
  </reporter-output>
  <suite name="Suite" duration-ms="545962" started-at="2020-04-13T02:11:22 CEST" finished-at="2020-04-13T02:20:28 CEST">
    <groups>
    </groups>
    <test name="Test" duration-ms="545962" started-at="2020-04-13T02:11:22 CEST" finished-at="2020-04-13T02:20:28 CEST">
      <class name="fr.mutex.qualif.espaceemployeur.EESoDig135">
        <test-method status="PASS" signature="setUp()[pri:0, instance:fr.mutex.qualif.espaceemployeur.EESoDig135@245a26e1]" name="setUp" is-config="true" duration-ms="70228" started-at="2020-04-13T02:15:59 CEST" finished-at="2020-04-13T02:17:09 CEST">
          <reporter-output>
          </reporter-output>
        </test-method> <!-- setUp -->
        <test-method status="PASS" signature="SoDig135()[pri:0, instance:fr.mutex.qualif.espaceemployeur.EESoDig135@245a26e1]" name="SoDig135" duration-ms="11234" started-at="2020-04-13T02:17:09 CEST" finished-at="2020-04-13T02:17:20 CEST">
          <reporter-output>
          </reporter-output>
        </test-method> <!-- SoDig135 -->
        <test-method status="PASS" signature="tearDown()[pri:0, instance:fr.mutex.qualif.espaceemployeur.EESoDig135@245a26e1]" name="tearDown" is-config="true" duration-ms="767" started-at="2020-04-13T02:17:20 CEST" finished-at="2020-04-13T02:17:21 CEST">
          <reporter-output>
          </reporter-output>
        </test-method> <!-- tearDown -->
      </class> <!-- fr.mutex.qualif.espaceemployeur.EESoDig135 -->
      <class name="fr.mutex.qualif.espaceemployeur.EESoDig55">
        <test-method status="PASS" signature="setUp()[pri:0, instance:fr.mutex.qualif.espaceemployeur.EESoDig55@4d63b624]" name="setUp" is-config="true" duration-ms="68933" started-at="2020-04-13T02:17:21 CEST" finished-at="2020-04-13T02:18:30 CEST">
          <reporter-output>
          </reporter-output>
        </test-method> <!-- setUp -->
        <test-method status="SKIP" signature="SoDig55()[pri:0, instance:fr.mutex.qualif.espaceemployeur.EESoDig55@4d63b624]" name="SoDig55" duration-ms="38937" retried="true" started-at="2020-04-13T02:18:30 CEST" finished-at="2020-04-13T02:19:09 CEST">
          <exception class="org.openqa.selenium.TimeoutException">
            <message>
              <![CDATA[Expected condition failed: waiting for visibility of Proxy element for: DefaultElementLocator 'By.xpath: //a[@href='/Utiliser-vos-services/Decouvrir-vos-services']' (tried for 20 second(s) with 500 milliseconds interval)]]>
            </message>
            <full-stacktrace>
              <![CDATA[org.openqa.selenium.TimeoutException: Expected condition failed: waiting for visibility of Proxy element for: DefaultElementLocator 'By.xpath: //a[@href='/Utiliser-vos-services/Decouvrir-vos-services']' (tried for 20 second(s) with 500 milliseconds interval)
at org.openqa.selenium.support.ui.WebDriverWait.timeoutException(WebDriverWait.java:113)
at org.openqa.selenium.support.ui.FluentWait.until(FluentWait.java:283)
at com.mutex.selenium.forme.espaceemployeur.HomePage.clickUtiliserVosServices(HomePage.java:71)
at fr.mutex.qualif.espaceemployeur.EESoDig55.SoDig55(EESoDig55.java:48)
at sun.reflect.NativeMethodAccessorImpl.invoke0(Native Method)
at sun.reflect.NativeMethodAccessorImpl.invoke(NativeMethodAccessorImpl.java:62)
at sun.reflect.DelegatingMethodAccessorImpl.invoke(DelegatingMethodAccessorImpl.java:43)
at java.lang.reflect.Method.invoke(Method.java:498)
at org.testng.internal.MethodInvocationHelper.invokeMethod(MethodInvocationHelper.java:135)
at org.testng.internal.TestInvoker.invokeMethod(TestInvoker.java:598)
at org.testng.internal.TestInvoker.invokeTestMethod(TestInvoker.java:174)
at org.testng.internal.MethodRunner.runInSequence(MethodRunner.java:46)
at org.testng.internal.TestInvoker$MethodInvocationAgent.invoke(TestInvoker.java:821)
at org.testng.internal.TestInvoker.invokeTestMethods(TestInvoker.java:147)
at org.testng.internal.TestMethodWorker.invokeTestMethods(TestMethodWorker.java:146)
at org.testng.internal.TestMethodWorker.run(TestMethodWorker.java:128)
at java.util.ArrayList.forEach(ArrayList.java:1257)
at org.testng.TestRunner.privateRun(TestRunner.java:767)
at org.testng.TestRunner.run(TestRunner.java:588)
at org.testng.SuiteRunner.runTest(SuiteRunner.java:384)
at org.testng.SuiteRunner.runSequentially(SuiteRunner.java:378)
at org.testng.SuiteRunner.privateRun(SuiteRunner.java:337)
at org.testng.SuiteRunner.run(SuiteRunner.java:286)
at org.testng.SuiteRunnerWorker.runSuite(SuiteRunnerWorker.java:53)
at org.testng.SuiteRunnerWorker.run(SuiteRunnerWorker.java:96)
at org.testng.TestNG.runSuitesSequentially(TestNG.java:1214)
at org.testng.TestNG.runSuitesLocally(TestNG.java:1136)
at org.testng.TestNG.runSuites(TestNG.java:1066)
at org.testng.TestNG.run(TestNG.java:1034)
at org.testng.remote.AbstractRemoteTestNG.run(AbstractRemoteTestNG.java:115)
at org.testng.remote.RemoteTestNG.initAndRun(RemoteTestNG.java:251)
at org.testng.remote.RemoteTestNG.main(RemoteTestNG.java:77)
Caused by: org.openqa.selenium.NoSuchElementException: no such element: Unable to locate element: {"method":"xpath","selector":"//a[@href='/Utiliser-vos-services/Decouvrir-vos-services']"}
  (Session info: chrome=80.0.3987.163)
For documentation on this error, please visit: http://seleniumhq.org/exceptions/no_such_element.html
Build info: version: '3.14.0', revision: 'aacccce0', time: '2018-08-02T20:19:58.91Z'
System info: host: 'MX-60010073', ip: '192.168.5.10', os.name: 'Windows 7', os.arch: 'amd64', os.version: '6.1', java.version: '1.8.0_192'
Driver info: org.openqa.selenium.chrome.ChromeDriver
Capabilities {acceptInsecureCerts: true, browserName: chrome, browserVersion: 80.0.3987.163, chrome: {chromedriverVersion: 80.0.3987.106 (f68069574609..., userDataDir: C:\Users\achaouch\AppData\L...}, goog:chromeOptions: {debuggerAddress: localhost:64590}, javascriptEnabled: true, networkConnectionEnabled: false, pageLoadStrategy: normal, platform: WINDOWS, platformName: WINDOWS, proxy: Proxy(), setWindowRect: true, strictFileInteractability: false, timeouts: {implicit: 0, pageLoad: 300000, script: 30000}, unhandledPromptBehavior: accept}
Session ID: 3a21ed3d2ce000f78f957678e4205220
*** Element info: {Using=xpath, value=//a[@href='/Utiliser-vos-services/Decouvrir-vos-services']}
at sun.reflect.GeneratedConstructorAccessor25.newInstance(Unknown Source)
at sun.reflect.DelegatingConstructorAccessorImpl.newInstance(DelegatingConstructorAccessorImpl.java:45)
at java.lang.reflect.Constructor.newInstance(Constructor.java:423)
at org.openqa.selenium.remote.http.W3CHttpResponseCodec.createException(W3CHttpResponseCodec.java:187)
at org.openqa.selenium.remote.http.W3CHttpResponseCodec.decode(W3CHttpResponseCodec.java:122)
at org.openqa.selenium.remote.http.W3CHttpResponseCodec.decode(W3CHttpResponseCodec.java:49)
at org.openqa.selenium.remote.HttpCommandExecutor.execute(HttpCommandExecutor.java:158)
at org.openqa.selenium.remote.service.DriverCommandExecutor.execute(DriverCommandExecutor.java:83)
at org.openqa.selenium.remote.RemoteWebDriver.execute(RemoteWebDriver.java:548)
at org.openqa.selenium.remote.RemoteWebDriver.findElement(RemoteWebDriver.java:322)
at org.openqa.selenium.remote.RemoteWebDriver.findElementByXPath(RemoteWebDriver.java:424)
at org.openqa.selenium.By$ByXPath.findElement(By.java:353)
at org.openqa.selenium.remote.RemoteWebDriver.findElement(RemoteWebDriver.java:314)
at org.openqa.selenium.support.pagefactory.DefaultElementLocator.findElement(DefaultElementLocator.java:69)
at org.openqa.selenium.support.pagefactory.internal.LocatingElementHandler.invoke(LocatingElementHandler.java:38)
at com.sun.proxy.$Proxy11.isDisplayed(Unknown Source)
at org.openqa.selenium.support.ui.ExpectedConditions.elementIfVisible(ExpectedConditions.java:315)
at org.openqa.selenium.support.ui.ExpectedConditions.access$100(ExpectedConditions.java:44)
at org.openqa.selenium.support.ui.ExpectedConditions$10.apply(ExpectedConditions.java:301)
at org.openqa.selenium.support.ui.ExpectedConditions$10.apply(ExpectedConditions.java:298)
at org.openqa.selenium.support.ui.FluentWait.until(FluentWait.java:260)
... 30 more
]]>
            </full-stacktrace>
          </exception> <!-- org.openqa.selenium.TimeoutException -->
          <reporter-output>
          </reporter-output>
        </test-method> <!-- SoDig55 -->
        <test-method status="PASS" signature="tearDown()[pri:0, instance:fr.mutex.qualif.espaceemployeur.EESoDig55@4d63b624]" name="tearDown" is-config="true" duration-ms="780" started-at="2020-04-13T02:19:09 CEST" finished-at="2020-04-13T02:19:10 CEST">
          <reporter-output>
          </reporter-output>
        </test-method> <!-- tearDown -->
        <test-method status="PASS" signature="setUp()[pri:0, instance:fr.mutex.qualif.espaceemployeur.EESoDig55@4d63b624]" name="setUp" is-config="true" duration-ms="69346" started-at="2020-04-13T02:19:10 CEST" finished-at="2020-04-13T02:20:19 CEST">
          <reporter-output>
          </reporter-output>
        </test-method> <!-- setUp -->
        <test-method status="PASS" signature="SoDig55()[pri:0, instance:fr.mutex.qualif.espaceemployeur.EESoDig55@4d63b624]" name="SoDig55" duration-ms="7825" started-at="2020-04-13T02:20:19 CEST" finished-at="2020-04-13T02:20:27 CEST">
          <reporter-output>
          </reporter-output>
        </test-method> <!-- SoDig55 -->
        <test-method status="PASS" signature="tearDown()[pri:0, instance:fr.mutex.qualif.espaceemployeur.EESoDig55@4d63b624]" name="tearDown" is-config="true" duration-ms="776" started-at="2020-04-13T02:20:27 CEST" finished-at="2020-04-13T02:20:28 CEST">
          <reporter-output>
          </reporter-output>
        </test-method> <!-- tearDown -->
      </class> <!-- fr.mutex.qualif.espaceemployeur.EESoDig55 -->
      <class name="fr.mutex.qualif.espaceemployeur.EESoDig177">
        <test-method status="PASS" signature="setUp()[pri:0, instance:fr.mutex.qualif.espaceemployeur.EESoDig177@3af4e0bf]" name="setUp" is-config="true" duration-ms="93567" started-at="2020-04-13T02:11:22 CEST" finished-at="2020-04-13T02:12:56 CEST">
          <reporter-output>
          </reporter-output>
        </test-method> <!-- setUp -->
        <test-method status="SKIP" signature="SoDig177()[pri:0, instance:fr.mutex.qualif.espaceemployeur.EESoDig177@3af4e0bf]" name="SoDig177" duration-ms="13741" retried="true" started-at="2020-04-13T02:12:56 CEST" finished-at="2020-04-13T02:13:10 CEST">
          <exception class="java.lang.AssertionError">
            <message>
              <![CDATA[expected [MAANANEc MERYEM] but found [MAANANE MERYEM]]]>
            </message>
            <full-stacktrace>
              <![CDATA[java.lang.AssertionError: expected [MAANANEc MERYEM] but found [MAANANE MERYEM]
at org.testng.Assert.fail(Assert.java:97)
at org.testng.Assert.assertEqualsImpl(Assert.java:136)
at org.testng.Assert.assertEquals(Assert.java:118)
at org.testng.Assert.assertEquals(Assert.java:575)
at org.testng.Assert.assertEquals(Assert.java:585)
at com.mutex.selenium.forme.espaceemployeur.suivreVosSalaries.ListeDuPersonnelCouvert.RechercheListeDansLetableau(ListeDuPersonnelCouvert.java:96)
at fr.mutex.qualif.espaceemployeur.EESoDig177.SoDig177(EESoDig177.java:60)
at sun.reflect.NativeMethodAccessorImpl.invoke0(Native Method)
at sun.reflect.NativeMethodAccessorImpl.invoke(NativeMethodAccessorImpl.java:62)
at sun.reflect.DelegatingMethodAccessorImpl.invoke(DelegatingMethodAccessorImpl.java:43)
at java.lang.reflect.Method.invoke(Method.java:498)
at org.testng.internal.MethodInvocationHelper.invokeMethod(MethodInvocationHelper.java:135)
at org.testng.internal.TestInvoker.invokeMethod(TestInvoker.java:598)
at org.testng.internal.TestInvoker.invokeTestMethod(TestInvoker.java:174)
at org.testng.internal.MethodRunner.runInSequence(MethodRunner.java:46)
at org.testng.internal.TestInvoker$MethodInvocationAgent.invoke(TestInvoker.java:821)
at org.testng.internal.TestInvoker.invokeTestMethods(TestInvoker.java:147)
at org.testng.internal.TestMethodWorker.invokeTestMethods(TestMethodWorker.java:146)
at org.testng.internal.TestMethodWorker.run(TestMethodWorker.java:128)
at java.util.ArrayList.forEach(ArrayList.java:1257)
at org.testng.TestRunner.privateRun(TestRunner.java:767)
at org.testng.TestRunner.run(TestRunner.java:588)
at org.testng.SuiteRunner.runTest(SuiteRunner.java:384)
at org.testng.SuiteRunner.runSequentially(SuiteRunner.java:378)
at org.testng.SuiteRunner.privateRun(SuiteRunner.java:337)
at org.testng.SuiteRunner.run(SuiteRunner.java:286)
at org.testng.SuiteRunnerWorker.runSuite(SuiteRunnerWorker.java:53)
at org.testng.SuiteRunnerWorker.run(SuiteRunnerWorker.java:96)
at org.testng.TestNG.runSuitesSequentially(TestNG.java:1214)
at org.testng.TestNG.runSuitesLocally(TestNG.java:1136)
at org.testng.TestNG.runSuites(TestNG.java:1066)
at org.testng.TestNG.run(TestNG.java:1034)
at org.testng.remote.AbstractRemoteTestNG.run(AbstractRemoteTestNG.java:115)
at org.testng.remote.RemoteTestNG.initAndRun(RemoteTestNG.java:251)
at org.testng.remote.RemoteTestNG.main(RemoteTestNG.java:77)
]]>
            </full-stacktrace>
          </exception> <!-- java.lang.AssertionError -->
          <reporter-output>
          </reporter-output>
        </test-method> <!-- SoDig177 -->
        <test-method status="PASS" signature="tearDown()[pri:0, instance:fr.mutex.qualif.espaceemployeur.EESoDig177@3af4e0bf]" name="tearDown" is-config="true" duration-ms="772" started-at="2020-04-13T02:13:10 CEST" finished-at="2020-04-13T02:13:10 CEST">
          <reporter-output>
          </reporter-output>
        </test-method> <!-- tearDown -->
        <test-method status="PASS" signature="setUp()[pri:0, instance:fr.mutex.qualif.espaceemployeur.EESoDig177@3af4e0bf]" name="setUp" is-config="true" duration-ms="69278" started-at="2020-04-13T02:13:10 CEST" finished-at="2020-04-13T02:14:20 CEST">
          <reporter-output>
          </reporter-output>
        </test-method> <!-- setUp -->
        <test-method status="SKIP" signature="SoDig177()[pri:0, instance:fr.mutex.qualif.espaceemployeur.EESoDig177@3af4e0bf]" name="SoDig177" duration-ms="11321" retried="true" started-at="2020-04-13T02:14:20 CEST" finished-at="2020-04-13T02:14:31 CEST">
          <exception class="java.lang.AssertionError">
            <message>
              <![CDATA[expected [MAANANEc MERYEM] but found [MAANANE MERYEM]]]>
            </message>
            <full-stacktrace>
              <![CDATA[java.lang.AssertionError: expected [MAANANEc MERYEM] but found [MAANANE MERYEM]
at org.testng.Assert.fail(Assert.java:97)
at org.testng.Assert.assertEqualsImpl(Assert.java:136)
at org.testng.Assert.assertEquals(Assert.java:118)
at org.testng.Assert.assertEquals(Assert.java:575)
at org.testng.Assert.assertEquals(Assert.java:585)
at com.mutex.selenium.forme.espaceemployeur.suivreVosSalaries.ListeDuPersonnelCouvert.RechercheListeDansLetableau(ListeDuPersonnelCouvert.java:96)
at fr.mutex.qualif.espaceemployeur.EESoDig177.SoDig177(EESoDig177.java:60)
at sun.reflect.NativeMethodAccessorImpl.invoke0(Native Method)
at sun.reflect.NativeMethodAccessorImpl.invoke(NativeMethodAccessorImpl.java:62)
at sun.reflect.DelegatingMethodAccessorImpl.invoke(DelegatingMethodAccessorImpl.java:43)
at java.lang.reflect.Method.invoke(Method.java:498)
at org.testng.internal.MethodInvocationHelper.invokeMethod(MethodInvocationHelper.java:135)
at org.testng.internal.TestInvoker.invokeMethod(TestInvoker.java:598)
at org.testng.internal.TestInvoker.retryFailed(TestInvoker.java:214)
at org.testng.internal.MethodRunner.runInSequence(MethodRunner.java:58)
at org.testng.internal.TestInvoker$MethodInvocationAgent.invoke(TestInvoker.java:821)
at org.testng.internal.TestInvoker.invokeTestMethods(TestInvoker.java:147)
at org.testng.internal.TestMethodWorker.invokeTestMethods(TestMethodWorker.java:146)
at org.testng.internal.TestMethodWorker.run(TestMethodWorker.java:128)
at java.util.ArrayList.forEach(ArrayList.java:1257)
at org.testng.TestRunner.privateRun(TestRunner.java:767)
at org.testng.TestRunner.run(TestRunner.java:588)
at org.testng.SuiteRunner.runTest(SuiteRunner.java:384)
at org.testng.SuiteRunner.runSequentially(SuiteRunner.java:378)
at org.testng.SuiteRunner.privateRun(SuiteRunner.java:337)
at org.testng.SuiteRunner.run(SuiteRunner.java:286)
at org.testng.SuiteRunnerWorker.runSuite(SuiteRunnerWorker.java:53)
at org.testng.SuiteRunnerWorker.run(SuiteRunnerWorker.java:96)
at org.testng.TestNG.runSuitesSequentially(TestNG.java:1214)
at org.testng.TestNG.runSuitesLocally(TestNG.java:1136)
at org.testng.TestNG.runSuites(TestNG.java:1066)
at org.testng.TestNG.run(TestNG.java:1034)
at org.testng.remote.AbstractRemoteTestNG.run(AbstractRemoteTestNG.java:115)
at org.testng.remote.RemoteTestNG.initAndRun(RemoteTestNG.java:251)
at org.testng.remote.RemoteTestNG.main(RemoteTestNG.java:77)
]]>
            </full-stacktrace>
          </exception> <!-- java.lang.AssertionError -->
          <reporter-output>
          </reporter-output>
        </test-method> <!-- SoDig177 -->
        <test-method status="PASS" signature="tearDown()[pri:0, instance:fr.mutex.qualif.espaceemployeur.EESoDig177@3af4e0bf]" name="tearDown" is-config="true" duration-ms="777" started-at="2020-04-13T02:14:31 CEST" finished-at="2020-04-13T02:14:32 CEST">
          <reporter-output>
          </reporter-output>
        </test-method> <!-- tearDown -->
        <test-method status="PASS" signature="setUp()[pri:0, instance:fr.mutex.qualif.espaceemployeur.EESoDig177@3af4e0bf]" name="setUp" is-config="true" duration-ms="69702" started-at="2020-04-13T02:14:32 CEST" finished-at="2020-04-13T02:15:41 CEST">
          <reporter-output>
          </reporter-output>
        </test-method> <!-- setUp -->
        <test-method status="FAIL" signature="SoDig177()[pri:0, instance:fr.mutex.qualif.espaceemployeur.EESoDig177@3af4e0bf]" name="SoDig177" duration-ms="11762" started-at="2020-04-13T02:15:41 CEST" finished-at="2020-04-13T02:15:53 CEST">
          <exception class="java.lang.AssertionError">
            <message>
              <![CDATA[expected [MAANANEc MERYEM] but found [MAANANE MERYEM]]]>
            </message>
            <full-stacktrace>
              <![CDATA[java.lang.AssertionError: expected [MAANANEc MERYEM] but found [MAANANE MERYEM]
at org.testng.Assert.fail(Assert.java:97)
at org.testng.Assert.assertEqualsImpl(Assert.java:136)
at org.testng.Assert.assertEquals(Assert.java:118)
at org.testng.Assert.assertEquals(Assert.java:575)
at org.testng.Assert.assertEquals(Assert.java:585)
at com.mutex.selenium.forme.espaceemployeur.suivreVosSalaries.ListeDuPersonnelCouvert.RechercheListeDansLetableau(ListeDuPersonnelCouvert.java:96)
at fr.mutex.qualif.espaceemployeur.EESoDig177.SoDig177(EESoDig177.java:60)
at sun.reflect.NativeMethodAccessorImpl.invoke0(Native Method)
at sun.reflect.NativeMethodAccessorImpl.invoke(NativeMethodAccessorImpl.java:62)
at sun.reflect.DelegatingMethodAccessorImpl.invoke(DelegatingMethodAccessorImpl.java:43)
at java.lang.reflect.Method.invoke(Method.java:498)
at org.testng.internal.MethodInvocationHelper.invokeMethod(MethodInvocationHelper.java:135)
at org.testng.internal.TestInvoker.invokeMethod(TestInvoker.java:598)
at org.testng.internal.TestInvoker.retryFailed(TestInvoker.java:214)
at org.testng.internal.MethodRunner.runInSequence(MethodRunner.java:58)
at org.testng.internal.TestInvoker$MethodInvocationAgent.invoke(TestInvoker.java:821)
at org.testng.internal.TestInvoker.invokeTestMethods(TestInvoker.java:147)
at org.testng.internal.TestMethodWorker.invokeTestMethods(TestMethodWorker.java:146)
at org.testng.internal.TestMethodWorker.run(TestMethodWorker.java:128)
at java.util.ArrayList.forEach(ArrayList.java:1257)
at org.testng.TestRunner.privateRun(TestRunner.java:767)
at org.testng.TestRunner.run(TestRunner.java:588)
at org.testng.SuiteRunner.runTest(SuiteRunner.java:384)
at org.testng.SuiteRunner.runSequentially(SuiteRunner.java:378)
at org.testng.SuiteRunner.privateRun(SuiteRunner.java:337)
at org.testng.SuiteRunner.run(SuiteRunner.java:286)
at org.testng.SuiteRunnerWorker.runSuite(SuiteRunnerWorker.java:53)
at org.testng.SuiteRunnerWorker.run(SuiteRunnerWorker.java:96)
at org.testng.TestNG.runSuitesSequentially(TestNG.java:1214)
at org.testng.TestNG.runSuitesLocally(TestNG.java:1136)
at org.testng.TestNG.runSuites(TestNG.java:1066)
at org.testng.TestNG.run(TestNG.java:1034)
at org.testng.remote.AbstractRemoteTestNG.run(AbstractRemoteTestNG.java:115)
at org.testng.remote.RemoteTestNG.initAndRun(RemoteTestNG.java:251)
at org.testng.remote.RemoteTestNG.main(RemoteTestNG.java:77)
]]>
            </full-stacktrace>
          </exception> <!-- java.lang.AssertionError -->
          <reporter-output>
          </reporter-output>
        </test-method> <!-- SoDig177 -->
        <test-method status="PASS" signature="tearDown()[pri:0, instance:fr.mutex.qualif.espaceemployeur.EESoDig177@3af4e0bf]" name="tearDown" is-config="true" duration-ms="797" started-at="2020-04-13T02:15:58 CEST" finished-at="2020-04-13T02:15:59 CEST">
          <reporter-output>
          </reporter-output>
        </test-method> <!-- tearDown -->
      </class> <!-- fr.mutex.qualif.espaceemployeur.EESoDig177 -->
    </test> <!-- Test -->
  </suite> <!-- Suite -->
</testng-results>
